
  .   ____          _            __ _ _
 /\\ / ___'_ __ _ _(_)_ __  __ _ \ \ \ \
( ( )\___ | '_ | '_| | '_ \/ _` | \ \ \ \
 \\/  ___)| |_)| | | | | || (_| |  ) ) ) )
  '  |____| .__|_| |_|_| |_\__, | / / / /
 =========|_|==============|___/=/_/_/_/
 :: Spring Boot ::        (v1.5.2.RELEASE)

2017-05-05 01:37:22.764  INFO 1 --- [           main] c.x.connector.bootstrap.Application      : Starting Application v1.0 on loyalty with PID 1 (/service/connector-loyalty-service.war started by root in /)
2017-05-05 01:37:22.991  INFO 1 --- [           main] c.x.connector.bootstrap.Application      : No active profile set, falling back to default profiles: default
2017-05-05 01:37:25.528  INFO 1 --- [           main] ationConfigEmbeddedWebApplicationContext : Refreshing org.springframework.boot.context.embedded.AnnotationConfigEmbeddedWebApplicationContext@5a2e4553: startup date [Fri May 05 01:37:25 UTC 2017]; root of context hierarchy
2017-05-05 01:37:56.934  INFO 1 --- [           main] trationDelegate$BeanPostProcessorChecker : Bean 'security.oauth2.client-org.springframework.boot.autoconfigure.security.oauth2.OAuth2ClientProperties' of type [org.springframework.boot.autoconfigure.security.oauth2.OAuth2ClientProperties] is not eligible for getting processed by all BeanPostProcessors (for example: not eligible for auto-proxying)
2017-05-05 01:37:57.024  INFO 1 --- [           main] trationDelegate$BeanPostProcessorChecker : Bean 'org.springframework.boot.autoconfigure.security.oauth2.OAuth2AutoConfiguration' of type [org.springframework.boot.autoconfigure.security.oauth2.OAuth2AutoConfiguration$$EnhancerBySpringCGLIB$$73effa5a] is not eligible for getting processed by all BeanPostProcessors (for example: not eligible for auto-proxying)
2017-05-05 01:37:57.761  INFO 1 --- [           main] trationDelegate$BeanPostProcessorChecker : Bean 'resourceServerProperties' of type [org.springframework.boot.autoconfigure.security.oauth2.resource.ResourceServerProperties] is not eligible for getting processed by all BeanPostProcessors (for example: not eligible for auto-proxying)
2017-05-05 01:38:00.546  INFO 1 --- [           main] org.xnio                                 : XNIO version 3.3.6.Final
2017-05-05 01:38:01.087  INFO 1 --- [           main] org.xnio.nio                             : XNIO NIO Implementation Version 3.3.6.Final
2017-05-05 01:38:02.721  WARN 1 --- [           main] io.undertow.websockets.jsr               : UT026009: XNIO worker was not set on WebSocketDeploymentInfo, the default worker will be used
2017-05-05 01:38:02.722  WARN 1 --- [           main] io.undertow.websockets.jsr               : UT026010: Buffer pool was not set on WebSocketDeploymentInfo, the default pool will be used
2017-05-05 01:38:03.410  INFO 1 --- [           main] io.undertow.servlet                      : Initializing Spring embedded WebApplicationContext
2017-05-05 01:38:03.412  INFO 1 --- [           main] o.s.web.context.ContextLoader            : Root WebApplicationContext: initialization completed in 37896 ms
2017-05-05 01:38:05.394  INFO 1 --- [           main] o.s.b.w.servlet.FilterRegistrationBean   : Mapping filter: 'characterEncodingFilter' to: [/*]
2017-05-05 01:38:05.412  INFO 1 --- [           main] o.s.b.w.servlet.FilterRegistrationBean   : Mapping filter: 'hiddenHttpMethodFilter' to: [/*]
2017-05-05 01:38:05.421  INFO 1 --- [           main] o.s.b.w.servlet.FilterRegistrationBean   : Mapping filter: 'httpPutFormContentFilter' to: [/*]
2017-05-05 01:38:05.424  INFO 1 --- [           main] o.s.b.w.servlet.FilterRegistrationBean   : Mapping filter: 'requestContextFilter' to: [/*]
2017-05-05 01:38:05.450  INFO 1 --- [           main] .s.DelegatingFilterProxyRegistrationBean : Mapping filter: 'springSecurityFilterChain' to: [/*]
2017-05-05 01:38:05.452  INFO 1 --- [           main] o.s.b.w.servlet.FilterRegistrationBean   : Mapping filter: 'corsFilter' to: [/*]
2017-05-05 01:38:05.453  INFO 1 --- [           main] o.s.b.w.servlet.ServletRegistrationBean  : Mapping servlet: 'dispatcherServlet' to [/]
com.xmdevelopments.connector.rest.LoyaltyService : <LoyaltyService> initialised
2017-05-05 01:38:17.724  INFO 1 --- [           main] .s.o.p.e.FrameworkEndpointHandlerMapping : Mapped "{[/oauth/authorize],methods=[POST],params=[user_oauth_approval]}" onto public org.springframework.web.servlet.View org.springframework.security.oauth2.provider.endpoint.AuthorizationEndpoint.approveOrDeny(java.util.Map<java.lang.String, java.lang.String>,java.util.Map<java.lang.String, ?>,org.springframework.web.bind.support.SessionStatus,java.security.Principal)
2017-05-05 01:38:17.742  INFO 1 --- [           main] .s.o.p.e.FrameworkEndpointHandlerMapping : Mapped "{[/oauth/authorize]}" onto public org.springframework.web.servlet.ModelAndView org.springframework.security.oauth2.provider.endpoint.AuthorizationEndpoint.authorize(java.util.Map<java.lang.String, java.lang.Object>,java.util.Map<java.lang.String, java.lang.String>,org.springframework.web.bind.support.SessionStatus,java.security.Principal)
2017-05-05 01:38:17.753  INFO 1 --- [           main] .s.o.p.e.FrameworkEndpointHandlerMapping : Mapped "{[/oauth/token],methods=[GET]}" onto public org.springframework.http.ResponseEntity<org.springframework.security.oauth2.common.OAuth2AccessToken> org.springframework.security.oauth2.provider.endpoint.TokenEndpoint.getAccessToken(java.security.Principal,java.util.Map<java.lang.String, java.lang.String>) throws org.springframework.web.HttpRequestMethodNotSupportedException
2017-05-05 01:38:17.754  INFO 1 --- [           main] .s.o.p.e.FrameworkEndpointHandlerMapping : Mapped "{[/oauth/token],methods=[POST]}" onto public org.springframework.http.ResponseEntity<org.springframework.security.oauth2.common.OAuth2AccessToken> org.springframework.security.oauth2.provider.endpoint.TokenEndpoint.postAccessToken(java.security.Principal,java.util.Map<java.lang.String, java.lang.String>) throws org.springframework.web.HttpRequestMethodNotSupportedException
2017-05-05 01:38:17.755  INFO 1 --- [           main] .s.o.p.e.FrameworkEndpointHandlerMapping : Mapped "{[/oauth/check_token]}" onto public java.util.Map<java.lang.String, ?> org.springframework.security.oauth2.provider.endpoint.CheckTokenEndpoint.checkToken(java.lang.String)
2017-05-05 01:38:17.757  INFO 1 --- [           main] .s.o.p.e.FrameworkEndpointHandlerMapping : Mapped "{[/oauth/confirm_access]}" onto public org.springframework.web.servlet.ModelAndView org.springframework.security.oauth2.provider.endpoint.WhitelabelApprovalEndpoint.getAccessConfirmation(java.util.Map<java.lang.String, java.lang.Object>,javax.servlet.http.HttpServletRequest) throws java.lang.Exception
2017-05-05 01:38:17.761  INFO 1 --- [           main] .s.o.p.e.FrameworkEndpointHandlerMapping : Mapped "{[/oauth/error]}" onto public org.springframework.web.servlet.ModelAndView org.springframework.security.oauth2.provider.endpoint.WhitelabelErrorEndpoint.handleError(javax.servlet.http.HttpServletRequest)
2017-05-05 01:38:26.488  INFO 1 --- [           main] o.s.s.web.DefaultSecurityFilterChain     : Creating filter chain: OrRequestMatcher [requestMatchers=[Ant [pattern='/oauth/token'], Ant [pattern='/oauth/token_key'], Ant [pattern='/oauth/check_token']]], [org.springframework.security.web.context.request.async.WebAsyncManagerIntegrationFilter@60d8c9b7, org.springframework.security.web.context.SecurityContextPersistenceFilter@159f197, org.springframework.security.web.header.HeaderWriterFilter@769e7ee8, org.springframework.security.web.authentication.logout.LogoutFilter@1677d1, org.springframework.security.web.authentication.www.BasicAuthenticationFilter@3cc2931c, org.springframework.security.web.savedrequest.RequestCacheAwareFilter@5dd6264, org.springframework.security.web.servletapi.SecurityContextHolderAwareRequestFilter@7c469c48, org.springframework.security.web.authentication.AnonymousAuthenticationFilter@48aaecc3, org.springframework.security.web.session.SessionManagementFilter@71b1176b, org.springframework.security.web.access.ExceptionTranslationFilter@56de5251, org.springframework.security.web.access.intercept.FilterSecurityInterceptor@96def03]
2017-05-05 01:38:27.034  INFO 1 --- [           main] o.s.s.web.DefaultSecurityFilterChain     : Creating filter chain: OrRequestMatcher [requestMatchers=[Ant [pattern='/v1/**']]], [org.springframework.security.web.context.request.async.WebAsyncManagerIntegrationFilter@3aefe5e5, org.springframework.security.web.context.SecurityContextPersistenceFilter@2ea227af, org.springframework.security.web.header.HeaderWriterFilter@1534f01b, org.springframework.security.web.authentication.logout.LogoutFilter@4690b489, org.springframework.security.oauth2.provider.authentication.OAuth2AuthenticationProcessingFilter@3eb7fc54, org.springframework.security.web.savedrequest.RequestCacheAwareFilter@4386f16, org.springframework.security.web.servletapi.SecurityContextHolderAwareRequestFilter@363ee3a2, org.springframework.security.web.session.SessionManagementFilter@78e117e3, org.springframework.security.web.access.ExceptionTranslationFilter@4ddced80, org.springframework.security.web.access.intercept.FilterSecurityInterceptor@1184ab05]
2017-05-05 01:38:27.063  INFO 1 --- [           main] o.s.s.web.DefaultSecurityFilterChain     : Creating filter chain: org.springframework.security.web.util.matcher.AnyRequestMatcher@1, [org.springframework.security.web.context.request.async.WebAsyncManagerIntegrationFilter@5223e5ee, org.springframework.security.web.context.SecurityContextPersistenceFilter@36c88a32, org.springframework.security.web.header.HeaderWriterFilter@6af93788, org.springframework.security.web.authentication.logout.LogoutFilter@1c93084c, org.springframework.security.web.savedrequest.RequestCacheAwareFilter@7880cdf3, org.springframework.security.web.servletapi.SecurityContextHolderAwareRequestFilter@5be6e01c, org.springframework.security.web.session.SessionManagementFilter@ef9296d, org.springframework.security.web.access.ExceptionTranslationFilter@2f7c2f4f, org.springframework.security.web.access.intercept.FilterSecurityInterceptor@78b66d36]
2017-05-05 01:38:29.317  INFO 1 --- [           main] s.w.s.m.m.a.RequestMappingHandlerAdapter : Looking for @ControllerAdvice: org.springframework.boot.context.embedded.AnnotationConfigEmbeddedWebApplicationContext@5a2e4553: startup date [Fri May 05 01:37:25 UTC 2017]; root of context hierarchy
2017-05-05 01:38:30.266  INFO 1 --- [           main] s.w.s.m.m.a.RequestMappingHandlerMapping : Mapped "{[/v1/test],methods=[GET]}" onto public org.springframework.http.ResponseEntity<com.xmdevelopments.connector.core.model.Response> com.xmdevelopments.connector.rest.LoyaltyService.getTest(java.lang.String,java.lang.String) throws java.lang.Exception
2017-05-05 01:38:30.340  INFO 1 --- [           main] s.w.s.m.m.a.RequestMappingHandlerMapping : Mapped "{[/error]}" onto public org.springframework.http.ResponseEntity<java.util.Map<java.lang.String, java.lang.Object>> org.springframework.boot.autoconfigure.web.BasicErrorController.error(javax.servlet.http.HttpServletRequest)
2017-05-05 01:38:30.350  INFO 1 --- [           main] s.w.s.m.m.a.RequestMappingHandlerMapping : Mapped "{[/error],produces=[text/html]}" onto public org.springframework.web.servlet.ModelAndView org.springframework.boot.autoconfigure.web.BasicErrorController.errorHtml(javax.servlet.http.HttpServletRequest,javax.servlet.http.HttpServletResponse)
2017-05-05 01:38:30.799  INFO 1 --- [           main] o.s.w.s.handler.SimpleUrlHandlerMapping  : Mapped URL path [/webjars/**] onto handler of type [class org.springframework.web.servlet.resource.ResourceHttpRequestHandler]
2017-05-05 01:38:30.814  INFO 1 --- [           main] o.s.w.s.handler.SimpleUrlHandlerMapping  : Mapped URL path [/**] onto handler of type [class org.springframework.web.servlet.resource.ResourceHttpRequestHandler]
2017-05-05 01:38:31.214  INFO 1 --- [           main] o.s.w.s.handler.SimpleUrlHandlerMapping  : Mapped URL path [/**/favicon.ico] onto handler of type [class org.springframework.web.servlet.resource.ResourceHttpRequestHandler]
2017-05-05 01:38:32.727  INFO 1 --- [           main] o.s.j.e.a.AnnotationMBeanExporter        : Registering beans for JMX exposure on startup
2017-05-05 01:38:33.577  INFO 1 --- [           main] b.c.e.u.UndertowEmbeddedServletContainer : Undertow started on port(s) 3000 (http)
2017-05-05 01:38:33.633  INFO 1 --- [           main] c.x.connector.bootstrap.Application      : Started Application in 82.105 seconds (JVM running for 89.102)
2017-05-05 04:56:53.030  INFO 1 --- [       Thread-2] ationConfigEmbeddedWebApplicationContext : Closing org.springframework.boot.context.embedded.AnnotationConfigEmbeddedWebApplicationContext@5a2e4553: startup date [Fri May 05 01:37:25 UTC 2017]; root of context hierarchy
2017-05-05 04:56:53.092  INFO 1 --- [       Thread-2] o.s.j.e.a.AnnotationMBeanExporter        : Unregistering JMX-exposed beans on shutdown
