
  .   ____          _            __ _ _
 /\\ / ___'_ __ _ _(_)_ __  __ _ \ \ \ \
( ( )\___ | '_ | '_| | '_ \/ _` | \ \ \ \
 \\/  ___)| |_)| | | | | || (_| |  ) ) ) )
  '  |____| .__|_| |_|_| |_\__, | / / / /
 =========|_|==============|___/=/_/_/_/
 :: Spring Boot ::        (v1.5.2.RELEASE)

2017-05-22 23:37:40.629  INFO 36292 --- [           main] c.x.connector.bootstrap.Application      : Starting Application v1.0 on Rommels-MacBook-Pro-2.local with PID 36292 (/Users/rommelsumpo/Development/connectors-springboot/connector-oauth-service/target/connector-oauth-service.war started by rommelsumpo in /Users/rommelsumpo/Development/connectors-springboot/connector-oauth-service)
2017-05-22 23:37:40.632  INFO 36292 --- [           main] c.x.connector.bootstrap.Application      : No active profile set, falling back to default profiles: default
2017-05-22 23:37:40.697  INFO 36292 --- [           main] ationConfigEmbeddedWebApplicationContext : Refreshing org.springframework.boot.context.embedded.AnnotationConfigEmbeddedWebApplicationContext@5387f9e0: startup date [Mon May 22 23:37:40 NZST 2017]; root of context hierarchy
2017-05-22 23:37:41.929  INFO 36292 --- [           main] trationDelegate$BeanPostProcessorChecker : Bean 'security.oauth2.client-org.springframework.boot.autoconfigure.security.oauth2.OAuth2ClientProperties' of type [org.springframework.boot.autoconfigure.security.oauth2.OAuth2ClientProperties] is not eligible for getting processed by all BeanPostProcessors (for example: not eligible for auto-proxying)
2017-05-22 23:37:41.935  INFO 36292 --- [           main] trationDelegate$BeanPostProcessorChecker : Bean 'org.springframework.boot.autoconfigure.security.oauth2.OAuth2AutoConfiguration' of type [org.springframework.boot.autoconfigure.security.oauth2.OAuth2AutoConfiguration$$EnhancerBySpringCGLIB$$77eb6253] is not eligible for getting processed by all BeanPostProcessors (for example: not eligible for auto-proxying)
2017-05-22 23:37:41.963  INFO 36292 --- [           main] trationDelegate$BeanPostProcessorChecker : Bean 'resourceServerProperties' of type [org.springframework.boot.autoconfigure.security.oauth2.resource.ResourceServerProperties] is not eligible for getting processed by all BeanPostProcessors (for example: not eligible for auto-proxying)
2017-05-22 23:37:42.194  INFO 36292 --- [           main] s.b.c.e.t.TomcatEmbeddedServletContainer : Tomcat initialized with port(s): 2088 (http)
2017-05-22 23:37:42.206  INFO 36292 --- [           main] o.apache.catalina.core.StandardService   : Starting service Tomcat
2017-05-22 23:37:42.208  INFO 36292 --- [           main] org.apache.catalina.core.StandardEngine  : Starting Servlet Engine: Apache Tomcat/8.5.11
2017-05-22 23:37:42.297  INFO 36292 --- [ost-startStop-1] o.a.c.c.C.[.[localhost].[/service]       : Initializing Spring embedded WebApplicationContext
2017-05-22 23:37:42.297  INFO 36292 --- [ost-startStop-1] o.s.web.context.ContextLoader            : Root WebApplicationContext: initialization completed in 1603 ms
2017-05-22 23:37:42.483  INFO 36292 --- [ost-startStop-1] o.s.b.w.servlet.FilterRegistrationBean   : Mapping filter: 'characterEncodingFilter' to: [/*]
2017-05-22 23:37:42.483  INFO 36292 --- [ost-startStop-1] o.s.b.w.servlet.FilterRegistrationBean   : Mapping filter: 'hiddenHttpMethodFilter' to: [/*]
2017-05-22 23:37:42.483  INFO 36292 --- [ost-startStop-1] o.s.b.w.servlet.FilterRegistrationBean   : Mapping filter: 'httpPutFormContentFilter' to: [/*]
2017-05-22 23:37:42.483  INFO 36292 --- [ost-startStop-1] o.s.b.w.servlet.FilterRegistrationBean   : Mapping filter: 'requestContextFilter' to: [/*]
2017-05-22 23:37:42.484  INFO 36292 --- [ost-startStop-1] .s.DelegatingFilterProxyRegistrationBean : Mapping filter: 'springSecurityFilterChain' to: [/*]
2017-05-22 23:37:42.485  INFO 36292 --- [ost-startStop-1] o.s.b.w.servlet.FilterRegistrationBean   : Mapping filter: 'corsFilter' to: [/*]
2017-05-22 23:37:42.485  INFO 36292 --- [ost-startStop-1] o.s.b.w.servlet.ServletRegistrationBean  : Mapping servlet: 'dispatcherServlet' to [/]
2017-05-22 23:37:42.806  INFO 36292 --- [           main] .s.o.p.e.FrameworkEndpointHandlerMapping : Mapped "{[/oauth/authorize]}" onto public org.springframework.web.servlet.ModelAndView org.springframework.security.oauth2.provider.endpoint.AuthorizationEndpoint.authorize(java.util.Map<java.lang.String, java.lang.Object>,java.util.Map<java.lang.String, java.lang.String>,org.springframework.web.bind.support.SessionStatus,java.security.Principal)
2017-05-22 23:37:42.807  INFO 36292 --- [           main] .s.o.p.e.FrameworkEndpointHandlerMapping : Mapped "{[/oauth/authorize],methods=[POST],params=[user_oauth_approval]}" onto public org.springframework.web.servlet.View org.springframework.security.oauth2.provider.endpoint.AuthorizationEndpoint.approveOrDeny(java.util.Map<java.lang.String, java.lang.String>,java.util.Map<java.lang.String, ?>,org.springframework.web.bind.support.SessionStatus,java.security.Principal)
2017-05-22 23:37:42.808  INFO 36292 --- [           main] .s.o.p.e.FrameworkEndpointHandlerMapping : Mapped "{[/oauth/token],methods=[GET]}" onto public org.springframework.http.ResponseEntity<org.springframework.security.oauth2.common.OAuth2AccessToken> org.springframework.security.oauth2.provider.endpoint.TokenEndpoint.getAccessToken(java.security.Principal,java.util.Map<java.lang.String, java.lang.String>) throws org.springframework.web.HttpRequestMethodNotSupportedException
2017-05-22 23:37:42.808  INFO 36292 --- [           main] .s.o.p.e.FrameworkEndpointHandlerMapping : Mapped "{[/oauth/token],methods=[POST]}" onto public org.springframework.http.ResponseEntity<org.springframework.security.oauth2.common.OAuth2AccessToken> org.springframework.security.oauth2.provider.endpoint.TokenEndpoint.postAccessToken(java.security.Principal,java.util.Map<java.lang.String, java.lang.String>) throws org.springframework.web.HttpRequestMethodNotSupportedException
2017-05-22 23:37:42.810  INFO 36292 --- [           main] .s.o.p.e.FrameworkEndpointHandlerMapping : Mapped "{[/oauth/check_token]}" onto public java.util.Map<java.lang.String, ?> org.springframework.security.oauth2.provider.endpoint.CheckTokenEndpoint.checkToken(java.lang.String)
2017-05-22 23:37:42.810  INFO 36292 --- [           main] .s.o.p.e.FrameworkEndpointHandlerMapping : Mapped "{[/oauth/confirm_access]}" onto public org.springframework.web.servlet.ModelAndView org.springframework.security.oauth2.provider.endpoint.WhitelabelApprovalEndpoint.getAccessConfirmation(java.util.Map<java.lang.String, java.lang.Object>,javax.servlet.http.HttpServletRequest) throws java.lang.Exception
2017-05-22 23:37:42.811  INFO 36292 --- [           main] .s.o.p.e.FrameworkEndpointHandlerMapping : Mapped "{[/oauth/error]}" onto public org.springframework.web.servlet.ModelAndView org.springframework.security.oauth2.provider.endpoint.WhitelabelErrorEndpoint.handleError(javax.servlet.http.HttpServletRequest)
2017-05-22 23:37:43.090  INFO 36292 --- [           main] o.s.s.web.DefaultSecurityFilterChain     : Creating filter chain: OrRequestMatcher [requestMatchers=[Ant [pattern='/oauth/token'], Ant [pattern='/oauth/token_key'], Ant [pattern='/oauth/check_token']]], [org.springframework.security.web.context.request.async.WebAsyncManagerIntegrationFilter@161b062a, org.springframework.security.web.context.SecurityContextPersistenceFilter@1b083826, org.springframework.security.web.header.HeaderWriterFilter@341b80b2, org.springframework.security.web.authentication.logout.LogoutFilter@1f1c7bf6, org.springframework.security.web.authentication.www.BasicAuthenticationFilter@780cb77, org.springframework.security.web.savedrequest.RequestCacheAwareFilter@3ec300f1, org.springframework.security.web.servletapi.SecurityContextHolderAwareRequestFilter@7d68ef40, org.springframework.security.web.authentication.AnonymousAuthenticationFilter@17c1bced, org.springframework.security.web.session.SessionManagementFilter@2145433b, org.springframework.security.web.access.ExceptionTranslationFilter@52e677af, org.springframework.security.web.access.intercept.FilterSecurityInterceptor@548a102f]
2017-05-22 23:37:43.105  INFO 36292 --- [           main] o.s.s.web.DefaultSecurityFilterChain     : Creating filter chain: OrRequestMatcher [requestMatchers=[Ant [pattern='/v1/**']]], [org.springframework.security.web.context.request.async.WebAsyncManagerIntegrationFilter@6646153, org.springframework.security.web.context.SecurityContextPersistenceFilter@23282c25, org.springframework.security.web.header.HeaderWriterFilter@4b168fa9, org.springframework.security.web.authentication.logout.LogoutFilter@3b2da18f, org.springframework.security.oauth2.provider.authentication.OAuth2AuthenticationProcessingFilter@258e2e41, org.springframework.security.web.savedrequest.RequestCacheAwareFilter@7920ba90, org.springframework.security.web.servletapi.SecurityContextHolderAwareRequestFilter@6b419da, org.springframework.security.web.session.SessionManagementFilter@1a84f40f, org.springframework.security.web.access.ExceptionTranslationFilter@48524010, org.springframework.security.web.access.intercept.FilterSecurityInterceptor@78b1cc93]
2017-05-22 23:37:43.108  INFO 36292 --- [           main] o.s.s.web.DefaultSecurityFilterChain     : Creating filter chain: org.springframework.security.web.util.matcher.AnyRequestMatcher@1, [org.springframework.security.web.context.request.async.WebAsyncManagerIntegrationFilter@3c153a1, org.springframework.security.web.context.SecurityContextPersistenceFilter@436a4e4b, org.springframework.security.web.header.HeaderWriterFilter@475e586c, org.springframework.security.web.authentication.logout.LogoutFilter@3b2cf7ab, org.springframework.security.web.savedrequest.RequestCacheAwareFilter@f2f2cc1, org.springframework.security.web.servletapi.SecurityContextHolderAwareRequestFilter@3a079870, org.springframework.security.web.session.SessionManagementFilter@657c8ad9, org.springframework.security.web.access.ExceptionTranslationFilter@6295d394, org.springframework.security.web.access.intercept.FilterSecurityInterceptor@6156496]
2017-05-22 23:37:43.249  INFO 36292 --- [           main] s.w.s.m.m.a.RequestMappingHandlerAdapter : Looking for @ControllerAdvice: org.springframework.boot.context.embedded.AnnotationConfigEmbeddedWebApplicationContext@5387f9e0: startup date [Mon May 22 23:37:40 NZST 2017]; root of context hierarchy
2017-05-22 23:37:43.295  INFO 36292 --- [           main] s.w.s.m.m.a.RequestMappingHandlerMapping : Mapped "{[/error]}" onto public org.springframework.http.ResponseEntity<java.util.Map<java.lang.String, java.lang.Object>> org.springframework.boot.autoconfigure.web.BasicErrorController.error(javax.servlet.http.HttpServletRequest)
2017-05-22 23:37:43.295  INFO 36292 --- [           main] s.w.s.m.m.a.RequestMappingHandlerMapping : Mapped "{[/error],produces=[text/html]}" onto public org.springframework.web.servlet.ModelAndView org.springframework.boot.autoconfigure.web.BasicErrorController.errorHtml(javax.servlet.http.HttpServletRequest,javax.servlet.http.HttpServletResponse)
2017-05-22 23:37:43.319  INFO 36292 --- [           main] o.s.w.s.handler.SimpleUrlHandlerMapping  : Mapped URL path [/webjars/**] onto handler of type [class org.springframework.web.servlet.resource.ResourceHttpRequestHandler]
2017-05-22 23:37:43.320  INFO 36292 --- [           main] o.s.w.s.handler.SimpleUrlHandlerMapping  : Mapped URL path [/**] onto handler of type [class org.springframework.web.servlet.resource.ResourceHttpRequestHandler]
2017-05-22 23:37:43.346  INFO 36292 --- [           main] o.s.w.s.handler.SimpleUrlHandlerMapping  : Mapped URL path [/**/favicon.ico] onto handler of type [class org.springframework.web.servlet.resource.ResourceHttpRequestHandler]
2017-05-22 23:37:43.451  INFO 36292 --- [           main] o.s.j.e.a.AnnotationMBeanExporter        : Registering beans for JMX exposure on startup
2017-05-22 23:37:43.507  INFO 36292 --- [           main] s.b.c.e.t.TomcatEmbeddedServletContainer : Tomcat started on port(s): 2088 (http)
2017-05-22 23:37:43.513  INFO 36292 --- [           main] c.x.connector.bootstrap.Application      : Started Application in 3.64 seconds (JVM running for 4.114)
