
  .   ____          _            __ _ _
 /\\ / ___'_ __ _ _(_)_ __  __ _ \ \ \ \
( ( )\___ | '_ | '_| | '_ \/ _` | \ \ \ \
 \\/  ___)| |_)| | | | | || (_| |  ) ) ) )
  '  |____| .__|_| |_|_| |_\__, | / / / /
 =========|_|==============|___/=/_/_/_/
 :: Spring Boot ::        (v1.5.2.RELEASE)

2017-04-30 18:10:05.558  INFO 33136 --- [           main] c.x.connector.bootstrap.Application      : Starting Application v1.0 on Rommels-MBP-2 with PID 33136 (/Users/rommelsumpo/Development/connectors-springboot/connector-payment-service/target/connector-payment-service.war started by rommelsumpo in /Users/rommelsumpo/Development/connectors-springboot/connector-payment-service)
2017-04-30 18:10:05.561  INFO 33136 --- [           main] c.x.connector.bootstrap.Application      : No active profile set, falling back to default profiles: default
2017-04-30 18:10:05.617  INFO 33136 --- [           main] ationConfigEmbeddedWebApplicationContext : Refreshing org.springframework.boot.context.embedded.AnnotationConfigEmbeddedWebApplicationContext@6e5e91e4: startup date [Sun Apr 30 18:10:05 NZST 2017]; root of context hierarchy
2017-04-30 18:10:06.685  INFO 33136 --- [           main] trationDelegate$BeanPostProcessorChecker : Bean 'security.oauth2.client-org.springframework.boot.autoconfigure.security.oauth2.OAuth2ClientProperties' of type [org.springframework.boot.autoconfigure.security.oauth2.OAuth2ClientProperties] is not eligible for getting processed by all BeanPostProcessors (for example: not eligible for auto-proxying)
2017-04-30 18:10:06.690  INFO 33136 --- [           main] trationDelegate$BeanPostProcessorChecker : Bean 'org.springframework.boot.autoconfigure.security.oauth2.OAuth2AutoConfiguration' of type [org.springframework.boot.autoconfigure.security.oauth2.OAuth2AutoConfiguration$$EnhancerBySpringCGLIB$$fede721] is not eligible for getting processed by all BeanPostProcessors (for example: not eligible for auto-proxying)
2017-04-30 18:10:06.716  INFO 33136 --- [           main] trationDelegate$BeanPostProcessorChecker : Bean 'resourceServerProperties' of type [org.springframework.boot.autoconfigure.security.oauth2.resource.ResourceServerProperties] is not eligible for getting processed by all BeanPostProcessors (for example: not eligible for auto-proxying)
2017-04-30 18:10:06.871  INFO 33136 --- [           main] org.xnio                                 : XNIO version 3.3.6.Final
2017-04-30 18:10:06.889  INFO 33136 --- [           main] org.xnio.nio                             : XNIO NIO Implementation Version 3.3.6.Final
2017-04-30 18:10:06.938  WARN 33136 --- [           main] io.undertow.websockets.jsr               : UT026009: XNIO worker was not set on WebSocketDeploymentInfo, the default worker will be used
2017-04-30 18:10:06.939  WARN 33136 --- [           main] io.undertow.websockets.jsr               : UT026010: Buffer pool was not set on WebSocketDeploymentInfo, the default pool will be used
2017-04-30 18:10:06.961  INFO 33136 --- [           main] io.undertow.servlet                      : Initializing Spring embedded WebApplicationContext
2017-04-30 18:10:06.962  INFO 33136 --- [           main] o.s.web.context.ContextLoader            : Root WebApplicationContext: initialization completed in 1347 ms
2017-04-30 18:10:07.104  INFO 33136 --- [           main] o.s.b.w.servlet.FilterRegistrationBean   : Mapping filter: 'characterEncodingFilter' to: [/*]
2017-04-30 18:10:07.105  INFO 33136 --- [           main] o.s.b.w.servlet.FilterRegistrationBean   : Mapping filter: 'hiddenHttpMethodFilter' to: [/*]
2017-04-30 18:10:07.105  INFO 33136 --- [           main] o.s.b.w.servlet.FilterRegistrationBean   : Mapping filter: 'httpPutFormContentFilter' to: [/*]
2017-04-30 18:10:07.105  INFO 33136 --- [           main] o.s.b.w.servlet.FilterRegistrationBean   : Mapping filter: 'requestContextFilter' to: [/*]
2017-04-30 18:10:07.106  INFO 33136 --- [           main] .s.DelegatingFilterProxyRegistrationBean : Mapping filter: 'springSecurityFilterChain' to: [/*]
2017-04-30 18:10:07.106  INFO 33136 --- [           main] o.s.b.w.servlet.FilterRegistrationBean   : Mapping filter: 'corsFilter' to: [/*]
2017-04-30 18:10:07.107  INFO 33136 --- [           main] o.s.b.w.servlet.ServletRegistrationBean  : Mapping servlet: 'dispatcherServlet' to [/]
com.xmdevelopments.connector.rest.PaymentService : <PaymentService> initialised
2017-04-30 18:10:07.682  INFO 33136 --- [           main] .s.o.p.e.FrameworkEndpointHandlerMapping : Mapped "{[/oauth/authorize]}" onto public org.springframework.web.servlet.ModelAndView org.springframework.security.oauth2.provider.endpoint.AuthorizationEndpoint.authorize(java.util.Map<java.lang.String, java.lang.Object>,java.util.Map<java.lang.String, java.lang.String>,org.springframework.web.bind.support.SessionStatus,java.security.Principal)
2017-04-30 18:10:07.682  INFO 33136 --- [           main] .s.o.p.e.FrameworkEndpointHandlerMapping : Mapped "{[/oauth/authorize],methods=[POST],params=[user_oauth_approval]}" onto public org.springframework.web.servlet.View org.springframework.security.oauth2.provider.endpoint.AuthorizationEndpoint.approveOrDeny(java.util.Map<java.lang.String, java.lang.String>,java.util.Map<java.lang.String, ?>,org.springframework.web.bind.support.SessionStatus,java.security.Principal)
2017-04-30 18:10:07.683  INFO 33136 --- [           main] .s.o.p.e.FrameworkEndpointHandlerMapping : Mapped "{[/oauth/token],methods=[GET]}" onto public org.springframework.http.ResponseEntity<org.springframework.security.oauth2.common.OAuth2AccessToken> org.springframework.security.oauth2.provider.endpoint.TokenEndpoint.getAccessToken(java.security.Principal,java.util.Map<java.lang.String, java.lang.String>) throws org.springframework.web.HttpRequestMethodNotSupportedException
2017-04-30 18:10:07.683  INFO 33136 --- [           main] .s.o.p.e.FrameworkEndpointHandlerMapping : Mapped "{[/oauth/token],methods=[POST]}" onto public org.springframework.http.ResponseEntity<org.springframework.security.oauth2.common.OAuth2AccessToken> org.springframework.security.oauth2.provider.endpoint.TokenEndpoint.postAccessToken(java.security.Principal,java.util.Map<java.lang.String, java.lang.String>) throws org.springframework.web.HttpRequestMethodNotSupportedException
2017-04-30 18:10:07.684  INFO 33136 --- [           main] .s.o.p.e.FrameworkEndpointHandlerMapping : Mapped "{[/oauth/check_token]}" onto public java.util.Map<java.lang.String, ?> org.springframework.security.oauth2.provider.endpoint.CheckTokenEndpoint.checkToken(java.lang.String)
2017-04-30 18:10:07.684  INFO 33136 --- [           main] .s.o.p.e.FrameworkEndpointHandlerMapping : Mapped "{[/oauth/confirm_access]}" onto public org.springframework.web.servlet.ModelAndView org.springframework.security.oauth2.provider.endpoint.WhitelabelApprovalEndpoint.getAccessConfirmation(java.util.Map<java.lang.String, java.lang.Object>,javax.servlet.http.HttpServletRequest) throws java.lang.Exception
2017-04-30 18:10:07.684  INFO 33136 --- [           main] .s.o.p.e.FrameworkEndpointHandlerMapping : Mapped "{[/oauth/error]}" onto public org.springframework.web.servlet.ModelAndView org.springframework.security.oauth2.provider.endpoint.WhitelabelErrorEndpoint.handleError(javax.servlet.http.HttpServletRequest)
2017-04-30 18:10:08.047  INFO 33136 --- [           main] o.s.s.web.DefaultSecurityFilterChain     : Creating filter chain: OrRequestMatcher [requestMatchers=[Ant [pattern='/oauth/token'], Ant [pattern='/oauth/token_key'], Ant [pattern='/oauth/check_token']]], [org.springframework.security.web.context.request.async.WebAsyncManagerIntegrationFilter@1f0f1111, org.springframework.security.web.context.SecurityContextPersistenceFilter@2f112965, org.springframework.security.web.header.HeaderWriterFilter@54c562f7, org.springframework.security.web.authentication.logout.LogoutFilter@12b0404f, org.springframework.security.web.authentication.www.BasicAuthenticationFilter@2b6faea6, org.springframework.security.web.savedrequest.RequestCacheAwareFilter@4e91d63f, org.springframework.security.web.servletapi.SecurityContextHolderAwareRequestFilter@163e4e87, org.springframework.security.web.authentication.AnonymousAuthenticationFilter@49c386c8, org.springframework.security.web.session.SessionManagementFilter@6dbb137d, org.springframework.security.web.access.ExceptionTranslationFilter@4df50bcc, org.springframework.security.web.access.intercept.FilterSecurityInterceptor@5e316c74]
2017-04-30 18:10:08.067  INFO 33136 --- [           main] o.s.s.web.DefaultSecurityFilterChain     : Creating filter chain: OrRequestMatcher [requestMatchers=[Ant [pattern='/v1/**']]], [org.springframework.security.web.context.request.async.WebAsyncManagerIntegrationFilter@4ddced80, org.springframework.security.web.context.SecurityContextPersistenceFilter@20d28811, org.springframework.security.web.header.HeaderWriterFilter@59d016c9, org.springframework.security.web.authentication.logout.LogoutFilter@48aaecc3, org.springframework.security.oauth2.provider.authentication.OAuth2AuthenticationProcessingFilter@7adda9cc, org.springframework.security.web.savedrequest.RequestCacheAwareFilter@3967e60c, org.springframework.security.web.servletapi.SecurityContextHolderAwareRequestFilter@60d8c9b7, org.springframework.security.web.session.SessionManagementFilter@3cc2931c, org.springframework.security.web.access.ExceptionTranslationFilter@4b5a5ed1, org.springframework.security.web.access.intercept.FilterSecurityInterceptor@65466a6a]
2017-04-30 18:10:08.069  INFO 33136 --- [           main] o.s.s.web.DefaultSecurityFilterChain     : Creating filter chain: org.springframework.security.web.util.matcher.AnyRequestMatcher@1, [org.springframework.security.web.context.request.async.WebAsyncManagerIntegrationFilter@3aefe5e5, org.springframework.security.web.context.SecurityContextPersistenceFilter@4690b489, org.springframework.security.web.header.HeaderWriterFilter@4386f16, org.springframework.security.web.authentication.logout.LogoutFilter@7f552bd3, org.springframework.security.web.savedrequest.RequestCacheAwareFilter@79b06cab, org.springframework.security.web.servletapi.SecurityContextHolderAwareRequestFilter@3eb7fc54, org.springframework.security.web.session.SessionManagementFilter@363ee3a2, org.springframework.security.web.access.ExceptionTranslationFilter@2ea227af, org.springframework.security.web.access.intercept.FilterSecurityInterceptor@1184ab05]
2017-04-30 18:10:08.204  INFO 33136 --- [           main] s.w.s.m.m.a.RequestMappingHandlerAdapter : Looking for @ControllerAdvice: org.springframework.boot.context.embedded.AnnotationConfigEmbeddedWebApplicationContext@6e5e91e4: startup date [Sun Apr 30 18:10:05 NZST 2017]; root of context hierarchy
2017-04-30 18:10:08.249  INFO 33136 --- [           main] s.w.s.m.m.a.RequestMappingHandlerMapping : Mapped "{[/v1/test],methods=[GET]}" onto public org.springframework.http.ResponseEntity<com.xmdevelopments.connector.core.model.Response> com.xmdevelopments.connector.rest.PaymentService.getTest(java.lang.String,java.lang.String) throws java.lang.Exception
2017-04-30 18:10:08.253  INFO 33136 --- [           main] s.w.s.m.m.a.RequestMappingHandlerMapping : Mapped "{[/error]}" onto public org.springframework.http.ResponseEntity<java.util.Map<java.lang.String, java.lang.Object>> org.springframework.boot.autoconfigure.web.BasicErrorController.error(javax.servlet.http.HttpServletRequest)
2017-04-30 18:10:08.253  INFO 33136 --- [           main] s.w.s.m.m.a.RequestMappingHandlerMapping : Mapped "{[/error],produces=[text/html]}" onto public org.springframework.web.servlet.ModelAndView org.springframework.boot.autoconfigure.web.BasicErrorController.errorHtml(javax.servlet.http.HttpServletRequest,javax.servlet.http.HttpServletResponse)
2017-04-30 18:10:08.280  INFO 33136 --- [           main] o.s.w.s.handler.SimpleUrlHandlerMapping  : Mapped URL path [/webjars/**] onto handler of type [class org.springframework.web.servlet.resource.ResourceHttpRequestHandler]
2017-04-30 18:10:08.280  INFO 33136 --- [           main] o.s.w.s.handler.SimpleUrlHandlerMapping  : Mapped URL path [/**] onto handler of type [class org.springframework.web.servlet.resource.ResourceHttpRequestHandler]
2017-04-30 18:10:08.328  INFO 33136 --- [           main] o.s.w.s.handler.SimpleUrlHandlerMapping  : Mapped URL path [/**/favicon.ico] onto handler of type [class org.springframework.web.servlet.resource.ResourceHttpRequestHandler]
2017-04-30 18:10:08.492  INFO 33136 --- [           main] o.s.j.e.a.AnnotationMBeanExporter        : Registering beans for JMX exposure on startup
2017-04-30 18:10:08.560  INFO 33136 --- [           main] b.c.e.u.UndertowEmbeddedServletContainer : Undertow started on port(s) 2090 (http)
2017-04-30 18:10:08.564  INFO 33136 --- [           main] c.x.connector.bootstrap.Application      : Started Application in 3.348 seconds (JVM running for 3.748)
2017-04-30 23:38:49.385  INFO 33136 --- [  XNIO-2 task-2] io.undertow.servlet                      : Initializing Spring FrameworkServlet 'dispatcherServlet'
2017-04-30 23:38:49.388  INFO 33136 --- [  XNIO-2 task-2] o.s.web.servlet.DispatcherServlet        : FrameworkServlet 'dispatcherServlet': initialization started
2017-04-30 23:38:49.412  INFO 33136 --- [  XNIO-2 task-2] o.s.web.servlet.DispatcherServlet        : FrameworkServlet 'dispatcherServlet': initialization completed in 24 ms
com.xmdevelopments.connector.rest.PaymentService : getTest()  start request user-agent:Mozilla/5.0 (Macintosh; Intel Mac OS X 10_11_4) AppleWebKit/537.36 (KHTML, like Gecko) Chrome/58.0.3029.81 Safari/537.36
com.xmdevelopments.connector.rest.PaymentService : getTest()  end request  @@@ {Execution time} sec:0.002 ms.:2
com.xmdevelopments.connector.rest.PaymentService : getTest()  start request user-agent:Mozilla/5.0 (Macintosh; Intel Mac OS X 10_11_4) AppleWebKit/537.36 (KHTML, like Gecko) Chrome/58.0.3029.81 Safari/537.36
com.xmdevelopments.connector.rest.PaymentService : getTest()  end request  @@@ {Execution time} sec:0.001 ms.:1
com.xmdevelopments.connector.rest.PaymentService : getTest()  start request user-agent:Mozilla/5.0 (Macintosh; Intel Mac OS X 10_11_4) AppleWebKit/537.36 (KHTML, like Gecko) Chrome/58.0.3029.81 Safari/537.36
com.xmdevelopments.connector.rest.PaymentService : getTest()  end request  @@@ {Execution time} sec:0.0 ms.:0
com.xmdevelopments.connector.rest.PaymentService : getTest()  start request user-agent:Mozilla/5.0 (Macintosh; Intel Mac OS X 10_11_4) AppleWebKit/537.36 (KHTML, like Gecko) Chrome/58.0.3029.81 Safari/537.36
com.xmdevelopments.connector.rest.PaymentService : getTest()  end request  @@@ {Execution time} sec:0.0 ms.:0
com.xmdevelopments.connector.rest.PaymentService : getTest()  start request user-agent:Mozilla/5.0 (Macintosh; Intel Mac OS X 10_11_4) AppleWebKit/537.36 (KHTML, like Gecko) Chrome/58.0.3029.81 Safari/537.36
com.xmdevelopments.connector.rest.PaymentService : getTest()  end request  @@@ {Execution time} sec:0.0 ms.:0
2017-05-03 23:16:24.599  INFO 33136 --- [       Thread-2] ationConfigEmbeddedWebApplicationContext : Closing org.springframework.boot.context.embedded.AnnotationConfigEmbeddedWebApplicationContext@6e5e91e4: startup date [Sun Apr 30 18:10:05 NZST 2017]; root of context hierarchy
2017-05-03 23:16:24.653  INFO 33136 --- [       Thread-2] o.s.j.e.a.AnnotationMBeanExporter        : Unregistering JMX-exposed beans on shutdown
2017-05-03 23:16:24.676  INFO 33136 --- [       Thread-2] io.undertow.servlet                      : Destroying Spring FrameworkServlet 'dispatcherServlet'
