
  .   ____          _            __ _ _
 /\\ / ___'_ __ _ _(_)_ __  __ _ \ \ \ \
( ( )\___ | '_ | '_| | '_ \/ _` | \ \ \ \
 \\/  ___)| |_)| | | | | || (_| |  ) ) ) )
  '  |____| .__|_| |_|_| |_\__, | / / / /
 =========|_|==============|___/=/_/_/_/
 :: Spring Boot ::        (v1.5.2.RELEASE)

2017-05-05 01:37:22.920  INFO 1 --- [           main] c.x.connector.bootstrap.Application      : Starting Application v1.0 on shipping with PID 1 (/service/connector-shipping-service.war started by root in /)
2017-05-05 01:37:23.181  INFO 1 --- [           main] c.x.connector.bootstrap.Application      : No active profile set, falling back to default profiles: default
2017-05-05 01:37:25.784  INFO 1 --- [           main] ationConfigEmbeddedWebApplicationContext : Refreshing org.springframework.boot.context.embedded.AnnotationConfigEmbeddedWebApplicationContext@5a2e4553: startup date [Fri May 05 01:37:25 UTC 2017]; root of context hierarchy
2017-05-05 01:37:56.125  INFO 1 --- [           main] trationDelegate$BeanPostProcessorChecker : Bean 'security.oauth2.client-org.springframework.boot.autoconfigure.security.oauth2.OAuth2ClientProperties' of type [org.springframework.boot.autoconfigure.security.oauth2.OAuth2ClientProperties] is not eligible for getting processed by all BeanPostProcessors (for example: not eligible for auto-proxying)
2017-05-05 01:37:56.149  INFO 1 --- [           main] trationDelegate$BeanPostProcessorChecker : Bean 'org.springframework.boot.autoconfigure.security.oauth2.OAuth2AutoConfiguration' of type [org.springframework.boot.autoconfigure.security.oauth2.OAuth2AutoConfiguration$$EnhancerBySpringCGLIB$$208ec510] is not eligible for getting processed by all BeanPostProcessors (for example: not eligible for auto-proxying)
2017-05-05 01:37:56.580  INFO 1 --- [           main] trationDelegate$BeanPostProcessorChecker : Bean 'resourceServerProperties' of type [org.springframework.boot.autoconfigure.security.oauth2.resource.ResourceServerProperties] is not eligible for getting processed by all BeanPostProcessors (for example: not eligible for auto-proxying)
2017-05-05 01:37:59.219  INFO 1 --- [           main] org.xnio                                 : XNIO version 3.3.6.Final
2017-05-05 01:37:59.730  INFO 1 --- [           main] org.xnio.nio                             : XNIO NIO Implementation Version 3.3.6.Final
2017-05-05 01:38:01.091  WARN 1 --- [           main] io.undertow.websockets.jsr               : UT026009: XNIO worker was not set on WebSocketDeploymentInfo, the default worker will be used
2017-05-05 01:38:01.092  WARN 1 --- [           main] io.undertow.websockets.jsr               : UT026010: Buffer pool was not set on WebSocketDeploymentInfo, the default pool will be used
2017-05-05 01:38:01.850  INFO 1 --- [           main] io.undertow.servlet                      : Initializing Spring embedded WebApplicationContext
2017-05-05 01:38:01.850  INFO 1 --- [           main] o.s.web.context.ContextLoader            : Root WebApplicationContext: initialization completed in 36072 ms
2017-05-05 01:38:03.811  INFO 1 --- [           main] o.s.b.w.servlet.FilterRegistrationBean   : Mapping filter: 'characterEncodingFilter' to: [/*]
2017-05-05 01:38:03.869  INFO 1 --- [           main] o.s.b.w.servlet.FilterRegistrationBean   : Mapping filter: 'hiddenHttpMethodFilter' to: [/*]
2017-05-05 01:38:03.879  INFO 1 --- [           main] o.s.b.w.servlet.FilterRegistrationBean   : Mapping filter: 'httpPutFormContentFilter' to: [/*]
2017-05-05 01:38:03.880  INFO 1 --- [           main] o.s.b.w.servlet.FilterRegistrationBean   : Mapping filter: 'requestContextFilter' to: [/*]
2017-05-05 01:38:03.916  INFO 1 --- [           main] .s.DelegatingFilterProxyRegistrationBean : Mapping filter: 'springSecurityFilterChain' to: [/*]
2017-05-05 01:38:03.917  INFO 1 --- [           main] o.s.b.w.servlet.FilterRegistrationBean   : Mapping filter: 'corsFilter' to: [/*]
2017-05-05 01:38:03.918  INFO 1 --- [           main] o.s.b.w.servlet.ServletRegistrationBean  : Mapping servlet: 'dispatcherServlet' to [/]
com.xmdevelopments.connector.rest.ShippingService : <ShippingService> initialised
2017-05-05 01:38:16.933  INFO 1 --- [           main] .s.o.p.e.FrameworkEndpointHandlerMapping : Mapped "{[/oauth/authorize],methods=[POST],params=[user_oauth_approval]}" onto public org.springframework.web.servlet.View org.springframework.security.oauth2.provider.endpoint.AuthorizationEndpoint.approveOrDeny(java.util.Map<java.lang.String, java.lang.String>,java.util.Map<java.lang.String, ?>,org.springframework.web.bind.support.SessionStatus,java.security.Principal)
2017-05-05 01:38:16.963  INFO 1 --- [           main] .s.o.p.e.FrameworkEndpointHandlerMapping : Mapped "{[/oauth/authorize]}" onto public org.springframework.web.servlet.ModelAndView org.springframework.security.oauth2.provider.endpoint.AuthorizationEndpoint.authorize(java.util.Map<java.lang.String, java.lang.Object>,java.util.Map<java.lang.String, java.lang.String>,org.springframework.web.bind.support.SessionStatus,java.security.Principal)
2017-05-05 01:38:16.975  INFO 1 --- [           main] .s.o.p.e.FrameworkEndpointHandlerMapping : Mapped "{[/oauth/token],methods=[POST]}" onto public org.springframework.http.ResponseEntity<org.springframework.security.oauth2.common.OAuth2AccessToken> org.springframework.security.oauth2.provider.endpoint.TokenEndpoint.postAccessToken(java.security.Principal,java.util.Map<java.lang.String, java.lang.String>) throws org.springframework.web.HttpRequestMethodNotSupportedException
2017-05-05 01:38:16.977  INFO 1 --- [           main] .s.o.p.e.FrameworkEndpointHandlerMapping : Mapped "{[/oauth/token],methods=[GET]}" onto public org.springframework.http.ResponseEntity<org.springframework.security.oauth2.common.OAuth2AccessToken> org.springframework.security.oauth2.provider.endpoint.TokenEndpoint.getAccessToken(java.security.Principal,java.util.Map<java.lang.String, java.lang.String>) throws org.springframework.web.HttpRequestMethodNotSupportedException
2017-05-05 01:38:16.980  INFO 1 --- [           main] .s.o.p.e.FrameworkEndpointHandlerMapping : Mapped "{[/oauth/check_token]}" onto public java.util.Map<java.lang.String, ?> org.springframework.security.oauth2.provider.endpoint.CheckTokenEndpoint.checkToken(java.lang.String)
2017-05-05 01:38:16.983  INFO 1 --- [           main] .s.o.p.e.FrameworkEndpointHandlerMapping : Mapped "{[/oauth/confirm_access]}" onto public org.springframework.web.servlet.ModelAndView org.springframework.security.oauth2.provider.endpoint.WhitelabelApprovalEndpoint.getAccessConfirmation(java.util.Map<java.lang.String, java.lang.Object>,javax.servlet.http.HttpServletRequest) throws java.lang.Exception
2017-05-05 01:38:16.989  INFO 1 --- [           main] .s.o.p.e.FrameworkEndpointHandlerMapping : Mapped "{[/oauth/error]}" onto public org.springframework.web.servlet.ModelAndView org.springframework.security.oauth2.provider.endpoint.WhitelabelErrorEndpoint.handleError(javax.servlet.http.HttpServletRequest)
2017-05-05 01:38:26.251  INFO 1 --- [           main] o.s.s.web.DefaultSecurityFilterChain     : Creating filter chain: OrRequestMatcher [requestMatchers=[Ant [pattern='/oauth/token'], Ant [pattern='/oauth/token_key'], Ant [pattern='/oauth/check_token']]], [org.springframework.security.web.context.request.async.WebAsyncManagerIntegrationFilter@20d28811, org.springframework.security.web.context.SecurityContextPersistenceFilter@6193932a, org.springframework.security.web.header.HeaderWriterFilter@419c5f1a, org.springframework.security.web.authentication.logout.LogoutFilter@12e61fe6, org.springframework.security.web.authentication.www.BasicAuthenticationFilter@4b5a5ed1, org.springframework.security.web.savedrequest.RequestCacheAwareFilter@159f197, org.springframework.security.web.servletapi.SecurityContextHolderAwareRequestFilter@1ffe63b9, org.springframework.security.web.authentication.AnonymousAuthenticationFilter@3967e60c, org.springframework.security.web.session.SessionManagementFilter@769e7ee8, org.springframework.security.web.access.ExceptionTranslationFilter@2bbf180e, org.springframework.security.web.access.intercept.FilterSecurityInterceptor@56528192]
2017-05-05 01:38:26.516  INFO 1 --- [           main] o.s.s.web.DefaultSecurityFilterChain     : Creating filter chain: OrRequestMatcher [requestMatchers=[Ant [pattern='/v1/**']]], [org.springframework.security.web.context.request.async.WebAsyncManagerIntegrationFilter@47d90b9e, org.springframework.security.web.context.SecurityContextPersistenceFilter@1534f01b, org.springframework.security.web.header.HeaderWriterFilter@65466a6a, org.springframework.security.web.authentication.logout.LogoutFilter@4386f16, org.springframework.security.oauth2.provider.authentication.OAuth2AuthenticationProcessingFilter@4690b489, org.springframework.security.web.savedrequest.RequestCacheAwareFilter@78e117e3, org.springframework.security.web.servletapi.SecurityContextHolderAwareRequestFilter@2ea227af, org.springframework.security.web.session.SessionManagementFilter@4ddced80, org.springframework.security.web.access.ExceptionTranslationFilter@4b14c583, org.springframework.security.web.access.intercept.FilterSecurityInterceptor@460d0a57]
2017-05-05 01:38:26.528  INFO 1 --- [           main] o.s.s.web.DefaultSecurityFilterChain     : Creating filter chain: org.springframework.security.web.util.matcher.AnyRequestMatcher@1, [org.springframework.security.web.context.request.async.WebAsyncManagerIntegrationFilter@7ce3cb8e, org.springframework.security.web.context.SecurityContextPersistenceFilter@6af93788, org.springframework.security.web.header.HeaderWriterFilter@1b1473ab, org.springframework.security.web.authentication.logout.LogoutFilter@7880cdf3, org.springframework.security.web.savedrequest.RequestCacheAwareFilter@ef9296d, org.springframework.security.web.servletapi.SecurityContextHolderAwareRequestFilter@36c88a32, org.springframework.security.web.session.SessionManagementFilter@2f7c2f4f, org.springframework.security.web.access.ExceptionTranslationFilter@149e0f5d, org.springframework.security.web.access.intercept.FilterSecurityInterceptor@10e92f8f]
2017-05-05 01:38:28.367  INFO 1 --- [           main] s.w.s.m.m.a.RequestMappingHandlerAdapter : Looking for @ControllerAdvice: org.springframework.boot.context.embedded.AnnotationConfigEmbeddedWebApplicationContext@5a2e4553: startup date [Fri May 05 01:37:25 UTC 2017]; root of context hierarchy
2017-05-05 01:38:29.537  INFO 1 --- [           main] s.w.s.m.m.a.RequestMappingHandlerMapping : Mapped "{[/v1/test],methods=[GET]}" onto public org.springframework.http.ResponseEntity<com.xmdevelopments.connector.core.model.Response> com.xmdevelopments.connector.rest.ShippingService.getTest(java.lang.String,java.lang.String) throws java.lang.Exception
2017-05-05 01:38:29.692  INFO 1 --- [           main] s.w.s.m.m.a.RequestMappingHandlerMapping : Mapped "{[/error],produces=[text/html]}" onto public org.springframework.web.servlet.ModelAndView org.springframework.boot.autoconfigure.web.BasicErrorController.errorHtml(javax.servlet.http.HttpServletRequest,javax.servlet.http.HttpServletResponse)
2017-05-05 01:38:29.700  INFO 1 --- [           main] s.w.s.m.m.a.RequestMappingHandlerMapping : Mapped "{[/error]}" onto public org.springframework.http.ResponseEntity<java.util.Map<java.lang.String, java.lang.Object>> org.springframework.boot.autoconfigure.web.BasicErrorController.error(javax.servlet.http.HttpServletRequest)
2017-05-05 01:38:30.154  INFO 1 --- [           main] o.s.w.s.handler.SimpleUrlHandlerMapping  : Mapped URL path [/webjars/**] onto handler of type [class org.springframework.web.servlet.resource.ResourceHttpRequestHandler]
2017-05-05 01:38:30.159  INFO 1 --- [           main] o.s.w.s.handler.SimpleUrlHandlerMapping  : Mapped URL path [/**] onto handler of type [class org.springframework.web.servlet.resource.ResourceHttpRequestHandler]
2017-05-05 01:38:30.633  INFO 1 --- [           main] o.s.w.s.handler.SimpleUrlHandlerMapping  : Mapped URL path [/**/favicon.ico] onto handler of type [class org.springframework.web.servlet.resource.ResourceHttpRequestHandler]
2017-05-05 01:38:32.245  INFO 1 --- [           main] o.s.j.e.a.AnnotationMBeanExporter        : Registering beans for JMX exposure on startup
2017-05-05 01:38:33.159  INFO 1 --- [           main] b.c.e.u.UndertowEmbeddedServletContainer : Undertow started on port(s) 2096 (http)
2017-05-05 01:38:33.231  INFO 1 --- [           main] c.x.connector.bootstrap.Application      : Started Application in 81.793 seconds (JVM running for 88.649)
2017-05-05 04:57:01.269  INFO 1 --- [       Thread-2] ationConfigEmbeddedWebApplicationContext : Closing org.springframework.boot.context.embedded.AnnotationConfigEmbeddedWebApplicationContext@5a2e4553: startup date [Fri May 05 01:37:25 UTC 2017]; root of context hierarchy
2017-05-05 04:57:01.332  INFO 1 --- [       Thread-2] o.s.j.e.a.AnnotationMBeanExporter        : Unregistering JMX-exposed beans on shutdown
